Switched to a new branch 'gitbook'
On branch gitbook
Changes not staged for commit:
  (use "git add/rm <file>..." to update what will be committed)
  (use "git restore <file>..." to discard changes in working directory)
	modified:   SUMMARY.md
	modified:   node_modules/align-text/README.md
	modified:   node_modules/ansi-regex/readme.md
	modified:   node_modules/are-we-there-yet/CHANGES.md
	modified:   node_modules/are-we-there-yet/node_modules/isarray/README.md
	modified:   node_modules/are-we-there-yet/node_modules/readable-stream/CONTRIBUTING.md
	modified:   node_modules/are-we-there-yet/node_modules/readable-stream/README.md
	modified:   node_modules/are-we-there-yet/node_modules/readable-stream/doc/wg-meetings/2015-01-30.md
	modified:   node_modules/are-we-there-yet/node_modules/string_decoder/README.md
	modified:   node_modules/arr-diff/README.md
	modified:   node_modules/arr-flatten/README.md
	modified:   node_modules/array-unique/README.md
	modified:   node_modules/arrify/readme.md
	modified:   node_modules/asap/CHANGES.md
	modified:   node_modules/asap/README.md
	modified:   node_modules/asn1/README.md
	modified:   node_modules/assert-plus/README.md
	modified:   node_modules/async-each/README.md
	modified:   node_modules/async/README.md
	modified:   node_modules/balanced-match/README.md
	modified:   node_modules/batch/Readme.md
	modified:   node_modules/binary-extensions/readme.md
	modified:   node_modules/bl/README.md
	modified:   node_modules/body-parser/README.md
	modified:   node_modules/body-parser/node_modules/debug/Readme.md
	modified:   node_modules/body-parser/node_modules/ms/README.md
	modified:   node_modules/body-parser/node_modules/qs/CHANGELOG.md
	modified:   node_modules/body-parser/node_modules/qs/README.md
	modified:   node_modules/brace-expansion/README.md
	modified:   node_modules/braces/README.md
	modified:   node_modules/bytes/Readme.md
	modified:   node_modules/camelcase/readme.md
	modified:   node_modules/caseless/README.md
	modified:   node_modules/center-align/README.md
	modified:   node_modules/cheerio/Readme.md
	modified:   node_modules/chokidar/README.md
	modified:   node_modules/clean-css/README.md
	modified:   node_modules/clean-css/node_modules/commander/Readme.md
	modified:   node_modules/cli-color/README.md
	modified:   node_modules/cliui/README.md
	modified:   node_modules/code-point-at/readme.md
	modified:   node_modules/combined-stream/Readme.md
	modified:   node_modules/commander/Readme.md
	modified:   node_modules/console-control-strings/README.md
	modified:   node_modules/content-type/README.md
	modified:   node_modules/crc/README.md
	modified:   node_modules/css-select/README.md
	modified:   node_modules/css-what/readme.md
	modified:   node_modules/d/README.md
	modified:   node_modules/datauri/README.md
	modified:   node_modules/decamelize/readme.md
	modified:   node_modules/delayed-stream/Readme.md
	modified:   node_modules/delegates/Readme.md
	modified:   node_modules/depd/Readme.md
	modified:   node_modules/ee-first/README.md
	modified:   node_modules/entities/readme.md
	modified:   node_modules/es5-ext/CHANGELOG.md
	modified:   node_modules/es5-ext/README.md
	modified:   node_modules/es6-iterator/CHANGELOG.md
	modified:   node_modules/es6-iterator/README.md
	modified:   node_modules/es6-iterator/node_modules/d/CHANGELOG.md
	modified:   node_modules/es6-iterator/node_modules/d/README.md
	modified:   node_modules/es6-symbol/CHANGELOG.md
	modified:   node_modules/es6-symbol/README.md
	modified:   node_modules/es6-symbol/node_modules/d/CHANGELOG.md
	modified:   node_modules/es6-symbol/node_modules/d/README.md
	modified:   node_modules/es6-weak-map/README.md
	modified:   node_modules/es6-weak-map/node_modules/es6-iterator/README.md
	modified:   node_modules/es6-weak-map/node_modules/es6-symbol/README.md
	modified:   node_modules/escape-string-regexp/readme.md
	modified:   node_modules/event-emitter/README.md
	modified:   node_modules/event-emitter/node_modules/d/CHANGELOG.md
	modified:   node_modules/event-emitter/node_modules/d/README.md
	modified:   node_modules/expand-brackets/README.md
	modified:   node_modules/expand-range/README.md
	modified:   node_modules/ext/CHANGELOG.md
	modified:   node_modules/ext/README.md
	modified:   node_modules/ext/docs/string/random.md
	modified:   node_modules/ext/node_modules/type/CHANGELOG.md
	modified:   node_modules/ext/node_modules/type/README.md
	modified:   node_modules/ext/node_modules/type/docs/array-length.md
	modified:   node_modules/ext/node_modules/type/docs/array-like.md
	modified:   node_modules/ext/node_modules/type/docs/array.md
	modified:   node_modules/ext/node_modules/type/docs/date.md
	modified:   node_modules/ext/node_modules/type/docs/ensure.md
	modified:   node_modules/ext/node_modules/type/docs/error.md
	modified:   node_modules/ext/node_modules/type/docs/finite.md
	modified:   node_modules/ext/node_modules/type/docs/function.md
	modified:   node_modules/ext/node_modules/type/docs/integer.md
	modified:   node_modules/ext/node_modules/type/docs/iterable.md
	modified:   node_modules/ext/node_modules/type/docs/natural-number.md
	modified:   node_modules/ext/node_modules/type/docs/number.md
	modified:   node_modules/ext/node_modules/type/docs/object.md
	modified:   node_modules/ext/node_modules/type/docs/plain-function.md
	modified:   node_modules/ext/node_modules/type/docs/plain-object.md
	modified:   node_modules/ext/node_modules/type/docs/promise.md
	modified:   node_modules/ext/node_modules/type/docs/prototype.md
	modified:   node_modules/ext/node_modules/type/docs/reg-exp.md
	modified:   node_modules/ext/node_modules/type/docs/safe-integer.md
	modified:   node_modules/ext/node_modules/type/docs/string.md
	modified:   node_modules/ext/node_modules/type/docs/thenable.md
	modified:   node_modules/ext/node_modules/type/docs/time-value.md
	modified:   node_modules/ext/node_modules/type/docs/value.md
	modified:   node_modules/extglob/README.md
	modified:   node_modules/faye-websocket/README.md
	modified:   node_modules/filename-regex/README.md
	modified:   node_modules/fill-range/README.md
	modified:   node_modules/for-in/README.md
	modified:   node_modules/for-own/README.md
	modified:   node_modules/form-data/Readme.md
	modified:   node_modules/form-data/node_modules/mime-types/README.md
	modified:   node_modules/fs.realpath/README.md
	modified:   node_modules/fstream-ignore/node_modules/minimatch/README.md
	modified:   node_modules/fstream/README.md
	modified:   node_modules/fstream/node_modules/graceful-fs/README.md
	modified:   node_modules/gitbook-asciidoc/node_modules/q/CHANGES.md
	modified:   node_modules/gitbook-asciidoc/node_modules/q/README.md
	modified:   node_modules/gitbook-cli/node_modules/bash-color/package.json
	modified:   node_modules/gitbook-cli/node_modules/commander/package.json
	modified:   node_modules/gitbook-cli/node_modules/fs-extra/package.json
	deleted:    node_modules/gitbook-cli/node_modules/graceful-fs/LICENSE
	deleted:    node_modules/gitbook-cli/node_modules/graceful-fs/README.md
	deleted:    node_modules/gitbook-cli/node_modules/graceful-fs/clone.js
	deleted:    node_modules/gitbook-cli/node_modules/graceful-fs/graceful-fs.js
	deleted:    node_modules/gitbook-cli/node_modules/graceful-fs/legacy-streams.js
	deleted:    node_modules/gitbook-cli/node_modules/graceful-fs/package.json
	deleted:    node_modules/gitbook-cli/node_modules/graceful-fs/polyfills.js
	modified:   node_modules/gitbook-cli/node_modules/lodash/package.json
	modified:   node_modules/gitbook-cli/node_modules/npm/node_modules/abbrev/package.json
	modified:   node_modules/gitbook-cli/node_modules/npm/node_modules/ansi-regex/package.json
	modified:   node_modules/gitbook-cli/node_modules/npm/node_modules/ansicolors/package.json
	modified:   node_modules/gitbook-cli/node_modules/npm/node_modules/ansistyles/package.json
	modified:   node_modules/gitbook-cli/node_modules/npm/node_modules/aproba/package.json
	modified:   node_modules/gitbook-cli/node_modules/npm/node_modules/archy/package.json
	modified:   node_modules/gitbook-cli/node_modules/npm/node_modules/async-some/package.json
	modified:   node_modules/gitbook-cli/node_modules/npm/node_modules/chownr/package.json
	modified:   node_modules/gitbook-cli/node_modules/npm/node_modules/cmd-shim/package.json
	modified:   node_modules/gitbook-cli/node_modules/npm/node_modules/columnify/node_modules/wcwidth/node_modules/defaults/node_modules/clone/package.json
	modified:   node_modules/gitbook-cli/node_modules/npm/node_modules/columnify/node_modules/wcwidth/node_modules/defaults/package.json
	modified:   node_modules/gitbook-cli/node_modules/npm/node_modules/columnify/node_modules/wcwidth/package.json
	modified:   node_modules/gitbook-cli/node_modules/npm/node_modules/columnify/package.json
	modified:   node_modules/gitbook-cli/node_modules/npm/node_modules/config-chain/node_modules/proto-list/package.json
	modified:   node_modules/gitbook-cli/node_modules/npm/node_modules/config-chain/package.json
	modified:   node_modules/gitbook-cli/node_modules/npm/node_modules/debuglog/package.json
	modified:   node_modules/gitbook-cli/node_modules/npm/node_modules/dezalgo/node_modules/asap/package.json
	modified:   node_modules/gitbook-cli/node_modules/npm/node_modules/dezalgo/package.json
	modified:   node_modules/gitbook-cli/node_modules/npm/node_modules/editor/package.json
	modified:   node_modules/gitbook-cli/node_modules/npm/node_modules/fs-vacuum/package.json
	modified:   node_modules/gitbook-cli/node_modules/npm/node_modules/fs-write-stream-atomic/package.json
	modified:   node_modules/gitbook-cli/node_modules/npm/node_modules/fstream-npm/node_modules/fstream-ignore/node_modules/minimatch/node_modules/brace-expansion/node_modules/balanced-match/package.json
	modified:   node_modules/gitbook-cli/node_modules/npm/node_modules/fstream-npm/node_modules/fstream-ignore/node_modules/minimatch/node_modules/brace-expansion/node_modules/concat-map/package.json
	modified:   node_modules/gitbook-cli/node_modules/npm/node_modules/fstream-npm/node_modules/fstream-ignore/node_modules/minimatch/node_modules/brace-expansion/package.json
	modified:   node_modules/gitbook-cli/node_modules/npm/node_modules/fstream-npm/node_modules/fstream-ignore/node_modules/minimatch/package.json
	modified:   node_modules/gitbook-cli/node_modules/npm/node_modules/fstream-npm/node_modules/fstream-ignore/package.json
	modified:   node_modules/gitbook-cli/node_modules/npm/node_modules/fstream-npm/package.json
	modified:   node_modules/gitbook-cli/node_modules/npm/node_modules/fstream/package.json
	modified:   node_modules/gitbook-cli/node_modules/npm/node_modules/glob/node_modules/minimatch/node_modules/brace-expansion/node_modules/balanced-match/package.json
	modified:   node_modules/gitbook-cli/node_modules/npm/node_modules/glob/node_modules/minimatch/node_modules/brace-expansion/node_modules/concat-map/package.json
	modified:   node_modules/gitbook-cli/node_modules/npm/node_modules/glob/node_modules/minimatch/node_modules/brace-expansion/package.json
	modified:   node_modules/gitbook-cli/node_modules/npm/node_modules/glob/node_modules/minimatch/package.json
	modified:   node_modules/gitbook-cli/node_modules/npm/node_modules/glob/node_modules/path-is-absolute/package.json
	modified:   node_modules/gitbook-cli/node_modules/npm/node_modules/glob/package.json
	modified:   node_modules/gitbook-cli/node_modules/npm/node_modules/graceful-fs/package.json
	modified:   node_modules/gitbook-cli/node_modules/npm/node_modules/has-unicode/package.json
	modified:   node_modules/gitbook-cli/node_modules/npm/node_modules/hosted-git-info/package.json
	modified:   node_modules/gitbook-cli/node_modules/npm/node_modules/iferr/package.json
	modified:   node_modules/gitbook-cli/node_modules/npm/node_modules/imurmurhash/package.json
	modified:   node_modules/gitbook-cli/node_modules/npm/node_modules/inflight/package.json
	modified:   node_modules/gitbook-cli/node_modules/npm/node_modules/inherits/package.json
	modified:   node_modules/gitbook-cli/node_modules/npm/node_modules/ini/package.json
	modified:   node_modules/gitbook-cli/node_modules/npm/node_modules/init-package-json/node_modules/glob/node_modules/minimatch/node_modules/brace-expansion/node_modules/balanced-match/package.json
	modified:   node_modules/gitbook-cli/node_modules/npm/node_modules/init-package-json/node_modules/glob/node_modules/minimatch/node_modules/brace-expansion/node_modules/concat-map/package.json
	modified:   node_modules/gitbook-cli/node_modules/npm/node_modules/init-package-json/node_modules/glob/node_modules/minimatch/node_modules/brace-expansion/package.json
	modified:   node_modules/gitbook-cli/node_modules/npm/node_modules/init-package-json/node_modules/glob/node_modules/minimatch/package.json
	modified:   node_modules/gitbook-cli/node_modules/npm/node_modules/init-package-json/node_modules/glob/node_modules/path-is-absolute/package.json
	modified:   node_modules/gitbook-cli/node_modules/npm/node_modules/init-package-json/node_modules/glob/package.json
	modified:   node_modules/gitbook-cli/node_modules/npm/node_modules/init-package-json/node_modules/promzard/package.json
	modified:   node_modules/gitbook-cli/node_modules/npm/node_modules/init-package-json/package.json
	modified:   node_modules/gitbook-cli/node_modules/npm/node_modules/lockfile/package.json
	modified:   node_modules/gitbook-cli/node_modules/npm/node_modules/lodash._baseindexof/package.json
	modified:   node_modules/gitbook-cli/node_modules/npm/node_modules/lodash._baseuniq/node_modules/lodash._root/package.json
	modified:   node_modules/gitbook-cli/node_modules/npm/node_modules/lodash._baseuniq/node_modules/lodash._setcache/package.json
	modified:   node_modules/gitbook-cli/node_modules/npm/node_modules/lodash._baseuniq/package.json
	modified:   node_modules/gitbook-cli/node_modules/npm/node_modules/lodash._bindcallback/package.json
	modified:   node_modules/gitbook-cli/node_modules/npm/node_modules/lodash._cacheindexof/package.json
	modified:   node_modules/gitbook-cli/node_modules/npm/node_modules/lodash._createcache/package.json
	modified:   node_modules/gitbook-cli/node_modules/npm/node_modules/lodash._getnative/package.json
	modified:   node_modules/gitbook-cli/node_modules/npm/node_modules/lodash.clonedeep/node_modules/lodash._baseclone/package.json
	modified:   node_modules/gitbook-cli/node_modules/npm/node_modules/lodash.clonedeep/package.json
	modified:   node_modules/gitbook-cli/node_modules/npm/node_modules/lodash.isarguments/package.json
	modified:   node_modules/gitbook-cli/node_modules/npm/node_modules/lodash.isarray/package.json
	modified:   node_modules/gitbook-cli/node_modules/npm/node_modules/lodash.keys/package.json
	modified:   node_modules/gitbook-cli/node_modules/npm/node_modules/lodash.restparam/package.json
	modified:   node_modules/gitbook-cli/node_modules/npm/node_modules/lodash.union/node_modules/lodash._baseflatten/package.json
	modified:   node_modules/gitbook-cli/node_modules/npm/node_modules/lodash.union/node_modules/lodash.rest/package.json
	modified:   node_modules/gitbook-cli/node_modules/npm/node_modules/lodash.union/package.json
	modified:   node_modules/gitbook-cli/node_modules/npm/node_modules/lodash.uniq/package.json
	modified:   node_modules/gitbook-cli/node_modules/npm/node_modules/lodash.without/node_modules/lodash._basedifference/node_modules/lodash._setcache/package.json
	modified:   node_modules/gitbook-cli/node_modules/npm/node_modules/lodash.without/node_modules/lodash._basedifference/package.json
	modified:   node_modules/gitbook-cli/node_modules/npm/node_modules/lodash.without/node_modules/lodash.rest/package.json
	modified:   node_modules/gitbook-cli/node_modules/npm/node_modules/lodash.without/package.json
	modified:   node_modules/gitbook-cli/node_modules/npm/node_modules/mkdirp/node_modules/minimist/package.json
	modified:   node_modules/gitbook-cli/node_modules/npm/node_modules/mkdirp/package.json
	modified:   node_modules/gitbook-cli/node_modules/npm/node_modules/node-gyp/node_modules/glob/node_modules/minimatch/node_modules/brace-expansion/node_modules/balanced-match/package.json
	modified:   node_modules/gitbook-cli/node_modules/npm/node_modules/node-gyp/node_modules/glob/node_modules/minimatch/node_modules/brace-expansion/node_modules/concat-map/package.json
	modified:   node_modules/gitbook-cli/node_modules/npm/node_modules/node-gyp/node_modules/glob/node_modules/minimatch/node_modules/brace-expansion/package.json
	modified:   node_modules/gitbook-cli/node_modules/npm/node_modules/node-gyp/node_modules/glob/node_modules/minimatch/package.json
	modified:   node_modules/gitbook-cli/node_modules/npm/node_modules/node-gyp/node_modules/glob/package.json
	modified:   node_modules/gitbook-cli/node_modules/npm/node_modules/node-gyp/node_modules/minimatch/node_modules/lru-cache/package.json
	modified:   node_modules/gitbook-cli/node_modules/npm/node_modules/node-gyp/node_modules/minimatch/node_modules/sigmund/package.json
	modified:   node_modules/gitbook-cli/node_modules/npm/node_modules/node-gyp/node_modules/minimatch/package.json
	modified:   node_modules/gitbook-cli/node_modules/npm/node_modules/node-gyp/node_modules/path-array/node_modules/array-index/node_modules/debug/node_modules/ms/package.json
	modified:   node_modules/gitbook-cli/node_modules/npm/node_modules/node-gyp/node_modules/path-array/node_modules/array-index/node_modules/debug/package.json
	modified:   node_modules/gitbook-cli/node_modules/npm/node_modules/node-gyp/node_modules/path-array/node_modules/array-index/node_modules/es6-symbol/node_modules/d/package.json
	modified:   node_modules/gitbook-cli/node_modules/npm/node_modules/node-gyp/node_modules/path-array/node_modules/array-index/node_modules/es6-symbol/node_modules/es5-ext/node_modules/es6-iterator/package.json
	modified:   node_modules/gitbook-cli/node_modules/npm/node_modules/node-gyp/node_modules/path-array/node_modules/array-index/node_modules/es6-symbol/node_modules/es5-ext/package.json
	modified:   node_modules/gitbook-cli/node_modules/npm/node_modules/node-gyp/node_modules/path-array/node_modules/array-index/node_modules/es6-symbol/package.json
	modified:   node_modules/gitbook-cli/node_modules/npm/node_modules/node-gyp/node_modules/path-array/node_modules/array-index/package.json
	modified:   node_modules/gitbook-cli/node_modules/npm/node_modules/node-gyp/node_modules/path-array/package.json
	modified:   node_modules/gitbook-cli/node_modules/npm/node_modules/node-gyp/package.json
	modified:   node_modules/gitbook-cli/node_modules/npm/node_modules/nopt/package.json
	modified:   node_modules/gitbook-cli/node_modules/npm/node_modules/normalize-git-url/package.json
	modified:   node_modules/gitbook-cli/node_modules/npm/node_modules/normalize-package-data/node_modules/is-builtin-module/node_modules/builtin-modules/package.json
	modified:   node_modules/gitbook-cli/node_modules/npm/node_modules/normalize-package-data/node_modules/is-builtin-module/package.json
	modified:   node_modules/gitbook-cli/node_modules/npm/node_modules/normalize-package-data/package.json
	modified:   node_modules/gitbook-cli/node_modules/npm/node_modules/npm-cache-filename/package.json
	modified:   node_modules/gitbook-cli/node_modules/npm/node_modules/npm-install-checks/package.json
	modified:   node_modules/gitbook-cli/node_modules/npm/node_modules/npm-package-arg/package.json
	modified:   node_modules/gitbook-cli/node_modules/npm/node_modules/npm-registry-client/node_modules/concat-stream/node_modules/typedarray/package.json
	modified:   node_modules/gitbook-cli/node_modules/npm/node_modules/npm-registry-client/node_modules/concat-stream/package.json
	modified:   node_modules/gitbook-cli/node_modules/npm/node_modules/npm-registry-client/node_modules/retry/package.json
	modified:   node_modules/gitbook-cli/node_modules/npm/node_modules/npm-registry-client/package.json
	modified:   node_modules/gitbook-cli/node_modules/npm/node_modules/npm-user-validate/package.json
	modified:   node_modules/gitbook-cli/node_modules/npm/node_modules/npmlog/node_modules/ansi/package.json
	modified:   node_modules/gitbook-cli/node_modules/npm/node_modules/npmlog/node_modules/are-we-there-yet/node_modules/delegates/package.json
	modified:   node_modules/gitbook-cli/node_modules/npm/node_modules/npmlog/node_modules/are-we-there-yet/package.json
	modified:   node_modules/gitbook-cli/node_modules/npm/node_modules/npmlog/node_modules/gauge/node_modules/lodash.pad/package.json
	modified:   node_modules/gitbook-cli/node_modules/npm/node_modules/npmlog/node_modules/gauge/node_modules/lodash.padend/package.json
	modified:   node_modules/gitbook-cli/node_modules/npm/node_modules/npmlog/node_modules/gauge/node_modules/lodash.padstart/package.json
	modified:   node_modules/gitbook-cli/node_modules/npm/node_modules/npmlog/node_modules/gauge/node_modules/lodash.repeat/package.json
	modified:   node_modules/gitbook-cli/node_modules/npm/node_modules/npmlog/node_modules/gauge/node_modules/lodash.tostring/package.json
	modified:   node_modules/gitbook-cli/node_modules/npm/node_modules/npmlog/node_modules/gauge/package.json
	modified:   node_modules/gitbook-cli/node_modules/npm/node_modules/npmlog/package.json
	modified:   node_modules/gitbook-cli/node_modules/npm/node_modules/once/package.json
	modified:   node_modules/gitbook-cli/node_modules/npm/node_modules/opener/package.json
	modified:   node_modules/gitbook-cli/node_modules/npm/node_modules/osenv/node_modules/os-homedir/package.json
	modified:   node_modules/gitbook-cli/node_modules/npm/node_modules/osenv/node_modules/os-tmpdir/package.json
	modified:   node_modules/gitbook-cli/node_modules/npm/node_modules/osenv/package.json
	modified:   node_modules/gitbook-cli/node_modules/npm/node_modules/path-is-inside/package.json
	modified:   node_modules/gitbook-cli/node_modules/npm/node_modules/read-cmd-shim/package.json
	modified:   node_modules/gitbook-cli/node_modules/npm/node_modules/read-installed/node_modules/util-extend/package.json
	modified:   node_modules/gitbook-cli/node_modules/npm/node_modules/read-installed/package.json
	modified:   node_modules/gitbook-cli/node_modules/npm/node_modules/read-package-json/node_modules/glob/node_modules/minimatch/node_modules/brace-expansion/node_modules/balanced-match/package.json
	modified:   node_modules/gitbook-cli/node_modules/npm/node_modules/read-package-json/node_modules/glob/node_modules/minimatch/node_modules/brace-expansion/node_modules/concat-map/package.json
	modified:   node_modules/gitbook-cli/node_modules/npm/node_modules/read-package-json/node_modules/glob/node_modules/minimatch/node_modules/brace-expansion/package.json
	modified:   node_modules/gitbook-cli/node_modules/npm/node_modules/read-package-json/node_modules/glob/node_modules/minimatch/package.json
	modified:   node_modules/gitbook-cli/node_modules/npm/node_modules/read-package-json/node_modules/glob/node_modules/path-is-absolute/package.json
	modified:   node_modules/gitbook-cli/node_modules/npm/node_modules/read-package-json/node_modules/glob/package.json
	modified:   node_modules/gitbook-cli/node_modules/npm/node_modules/read-package-json/node_modules/json-parse-helpfulerror/node_modules/jju/package.json
	modified:   node_modules/gitbook-cli/node_modules/npm/node_modules/read-package-json/node_modules/json-parse-helpfulerror/package.json
	modified:   node_modules/gitbook-cli/node_modules/npm/node_modules/read-package-json/package.json
	modified:   node_modules/gitbook-cli/node_modules/npm/node_modules/read-package-tree/package.json
	modified:   node_modules/gitbook-cli/node_modules/npm/node_modules/read/node_modules/mute-stream/package.json
	modified:   node_modules/gitbook-cli/node_modules/npm/node_modules/read/package.json
	modified:   node_modules/gitbook-cli/node_modules/npm/node_modules/readable-stream/node_modules/core-util-is/package.json
	modified:   node_modules/gitbook-cli/node_modules/npm/node_modules/readable-stream/node_modules/isarray/package.json
	modified:   node_modules/gitbook-cli/node_modules/npm/node_modules/readable-stream/node_modules/process-nextick-args/package.json
	modified:   node_modules/gitbook-cli/node_modules/npm/node_modules/readable-stream/node_modules/string_decoder/package.json
	modified:   node_modules/gitbook-cli/node_modules/npm/node_modules/readable-stream/node_modules/util-deprecate/package.json
	modified:   node_modules/gitbook-cli/node_modules/npm/node_modules/readable-stream/package.json
	modified:   node_modules/gitbook-cli/node_modules/npm/node_modules/readdir-scoped-modules/package.json
	modified:   node_modules/gitbook-cli/node_modules/npm/node_modules/realize-package-specifier/package.json
	deleted:    node_modules/gitbook-cli/node_modules/npm/node_modules/request/node_modules/.bin/har-validator
	deleted:    node_modules/gitbook-cli/node_modules/npm/node_modules/request/node_modules/.bin/uuid
	modified:   node_modules/gitbook-cli/node_modules/npm/node_modules/request/node_modules/aws-sign2/package.json
	modified:   node_modules/gitbook-cli/node_modules/npm/node_modules/request/node_modules/aws4/node_modules/lru-cache/package.json
	modified:   node_modules/gitbook-cli/node_modules/npm/node_modules/request/node_modules/aws4/package.json
	modified:   node_modules/gitbook-cli/node_modules/npm/node_modules/request/node_modules/bl/package.json
	modified:   node_modules/gitbook-cli/node_modules/npm/node_modules/request/node_modules/caseless/package.json
	modified:   node_modules/gitbook-cli/node_modules/npm/node_modules/request/node_modules/combined-stream/node_modules/delayed-stream/package.json
	modified:   node_modules/gitbook-cli/node_modules/npm/node_modules/request/node_modules/combined-stream/package.json
	modified:   node_modules/gitbook-cli/node_modules/npm/node_modules/request/node_modules/extend/package.json
	modified:   node_modules/gitbook-cli/node_modules/npm/node_modules/request/node_modules/forever-agent/package.json
	modified:   node_modules/gitbook-cli/node_modules/npm/node_modules/request/node_modules/form-data/node_modules/async/package.json
	modified:   node_modules/gitbook-cli/node_modules/npm/node_modules/request/node_modules/form-data/package.json
	modified:   node_modules/gitbook-cli/node_modules/npm/node_modules/request/node_modules/har-validator/node_modules/chalk/node_modules/ansi-styles/package.json
	modified:   node_modules/gitbook-cli/node_modules/npm/node_modules/request/node_modules/har-validator/node_modules/chalk/node_modules/escape-string-regexp/package.json
	modified:   node_modules/gitbook-cli/node_modules/npm/node_modules/request/node_modules/har-validator/node_modules/chalk/node_modules/has-ansi/package.json
	modified:   node_modules/gitbook-cli/node_modules/npm/node_modules/request/node_modules/har-validator/node_modules/chalk/node_modules/supports-color/package.json
	modified:   node_modules/gitbook-cli/node_modules/npm/node_modules/request/node_modules/har-validator/node_modules/chalk/package.json
	modified:   node_modules/gitbook-cli/node_modules/npm/node_modules/request/node_modules/har-validator/node_modules/commander/node_modules/graceful-readlink/package.json
	modified:   node_modules/gitbook-cli/node_modules/npm/node_modules/request/node_modules/har-validator/node_modules/commander/package.json
	modified:   node_modules/gitbook-cli/node_modules/npm/node_modules/request/node_modules/har-validator/node_modules/is-my-json-valid/node_modules/generate-function/package.json
	modified:   node_modules/gitbook-cli/node_modules/npm/node_modules/request/node_modules/har-validator/node_modules/is-my-json-valid/node_modules/generate-object-property/node_modules/is-property/package.json
	modified:   node_modules/gitbook-cli/node_modules/npm/node_modules/request/node_modules/har-validator/node_modules/is-my-json-valid/node_modules/generate-object-property/package.json
	modified:   node_modules/gitbook-cli/node_modules/npm/node_modules/request/node_modules/har-validator/node_modules/is-my-json-valid/node_modules/jsonpointer/package.json
	modified:   node_modules/gitbook-cli/node_modules/npm/node_modules/request/node_modules/har-validator/node_modules/is-my-json-valid/node_modules/xtend/package.json
	modified:   node_modules/gitbook-cli/node_modules/npm/node_modules/request/node_modules/har-validator/node_modules/is-my-json-valid/package.json
	modified:   node_modules/gitbook-cli/node_modules/npm/node_modules/request/node_modules/har-validator/node_modules/pinkie-promise/node_modules/pinkie/package.json
	modified:   node_modules/gitbook-cli/node_modules/npm/node_modules/request/node_modules/har-validator/node_modules/pinkie-promise/package.json
	modified:   node_modules/gitbook-cli/node_modules/npm/node_modules/request/node_modules/har-validator/package.json
	modified:   node_modules/gitbook-cli/node_modules/npm/node_modules/request/node_modules/hawk/node_modules/boom/package.json
	modified:   node_modules/gitbook-cli/node_modules/npm/node_modules/request/node_modules/hawk/node_modules/cryptiles/package.json
	modified:   node_modules/gitbook-cli/node_modules/npm/node_modules/request/node_modules/hawk/node_modules/hoek/package.json
	modified:   node_modules/gitbook-cli/node_modules/npm/node_modules/request/node_modules/hawk/node_modules/sntp/package.json
	modified:   node_modules/gitbook-cli/node_modules/npm/node_modules/request/node_modules/hawk/package.json
	deleted:    node_modules/gitbook-cli/node_modules/npm/node_modules/request/node_modules/http-signature/node_modules/.bin/sshpk-conv
	deleted:    node_modules/gitbook-cli/node_modules/npm/node_modules/request/node_modules/http-signature/node_modules/.bin/sshpk-sign
	deleted:    node_modules/gitbook-cli/node_modules/npm/node_modules/request/node_modules/http-signature/node_modules/.bin/sshpk-verify
	modified:   node_modules/gitbook-cli/node_modules/npm/node_modules/request/node_modules/http-signature/node_modules/assert-plus/package.json
	modified:   node_modules/gitbook-cli/node_modules/npm/node_modules/request/node_modules/http-signature/node_modules/jsprim/node_modules/extsprintf/package.json
	modified:   node_modules/gitbook-cli/node_modules/npm/node_modules/request/node_modules/http-signature/node_modules/jsprim/node_modules/json-schema/package.json
	modified:   node_modules/gitbook-cli/node_modules/npm/node_modules/request/node_modules/http-signature/node_modules/jsprim/node_modules/verror/package.json
	modified:   node_modules/gitbook-cli/node_modules/npm/node_modules/request/node_modules/http-signature/node_modules/jsprim/package.json
	modified:   node_modules/gitbook-cli/node_modules/npm/node_modules/request/node_modules/http-signature/node_modules/sshpk/node_modules/asn1/package.json
	modified:   node_modules/gitbook-cli/node_modules/npm/node_modules/request/node_modules/http-signature/node_modules/sshpk/node_modules/dashdash/package.json
	modified:   node_modules/gitbook-cli/node_modules/npm/node_modules/request/node_modules/http-signature/node_modules/sshpk/node_modules/ecc-jsbn/package.json
	modified:   node_modules/gitbook-cli/node_modules/npm/node_modules/request/node_modules/http-signature/node_modules/sshpk/node_modules/jodid25519/package.json
	modified:   node_modules/gitbook-cli/node_modules/npm/node_modules/request/node_modules/http-signature/node_modules/sshpk/node_modules/jsbn/package.json
	modified:   node_modules/gitbook-cli/node_modules/npm/node_modules/request/node_modules/http-signature/node_modules/sshpk/node_modules/tweetnacl/package.json
	modified:   node_modules/gitbook-cli/node_modules/npm/node_modules/request/node_modules/http-signature/node_modules/sshpk/package.json
	modified:   node_modules/gitbook-cli/node_modules/npm/node_modules/request/node_modules/http-signature/package.json
	modified:   node_modules/gitbook-cli/node_modules/npm/node_modules/request/node_modules/is-typedarray/package.json
	modified:   node_modules/gitbook-cli/node_modules/npm/node_modules/request/node_modules/isstream/package.json
	modified:   node_modules/gitbook-cli/node_modules/npm/node_modules/request/node_modules/json-stringify-safe/package.json
	modified:   node_modules/gitbook-cli/node_modules/npm/node_modules/request/node_modules/mime-types/node_modules/mime-db/package.json
	modified:   node_modules/gitbook-cli/node_modules/npm/node_modules/request/node_modules/mime-types/package.json
	modified:   node_modules/gitbook-cli/node_modules/npm/node_modules/request/node_modules/node-uuid/package.json
	modified:   node_modules/gitbook-cli/node_modules/npm/node_modules/request/node_modules/oauth-sign/package.json
	modified:   node_modules/gitbook-cli/node_modules/npm/node_modules/request/node_modules/qs/package.json
	modified:   node_modules/gitbook-cli/node_modules/npm/node_modules/request/node_modules/stringstream/package.json
	modified:   node_modules/gitbook-cli/node_modules/npm/node_modules/request/node_modules/tough-cookie/package.json
	modified:   node_modules/gitbook-cli/node_modules/npm/node_modules/request/node_modules/tunnel-agent/package.json
	modified:   node_modules/gitbook-cli/node_modules/npm/node_modules/request/package.json
	modified:   node_modules/gitbook-cli/node_modules/npm/node_modules/retry/package.json
	modified:   node_modules/gitbook-cli/node_modules/npm/node_modules/rimraf/package.json
	modified:   node_modules/gitbook-cli/node_modules/npm/node_modules/semver/package.json
	modified:   node_modules/gitbook-cli/node_modules/npm/node_modules/sha/package.json
	modified:   node_modules/gitbook-cli/node_modules/npm/node_modules/slide/package.json
	modified:   node_modules/gitbook-cli/node_modules/npm/node_modules/sorted-object/package.json
	modified:   node_modules/gitbook-cli/node_modules/npm/node_modules/strip-ansi/package.json
	modified:   node_modules/gitbook-cli/node_modules/npm/node_modules/tar/node_modules/block-stream/package.json
	modified:   node_modules/gitbook-cli/node_modules/npm/node_modules/tar/package.json
	modified:   node_modules/gitbook-cli/node_modules/npm/node_modules/text-table/package.json
	modified:   node_modules/gitbook-cli/node_modules/npm/node_modules/uid-number/package.json
	modified:   node_modules/gitbook-cli/node_modules/npm/node_modules/umask/package.json
	modified:   node_modules/gitbook-cli/node_modules/npm/node_modules/unique-filename/node_modules/unique-slug/package.json
	modified:   node_modules/gitbook-cli/node_modules/npm/node_modules/unique-filename/package.json
	modified:   node_modules/gitbook-cli/node_modules/npm/node_modules/unpipe/package.json
	modified:   node_modules/gitbook-cli/node_modules/npm/node_modules/validate-npm-package-license/node_modules/spdx-correct/node_modules/spdx-license-ids/package.json
	modified:   node_modules/gitbook-cli/node_modules/npm/node_modules/validate-npm-package-license/node_modules/spdx-correct/package.json
	modified:   node_modules/gitbook-cli/node_modules/npm/node_modules/validate-npm-package-license/node_modules/spdx-expression-parse/node_modules/spdx-exceptions/package.json
	modified:   node_modules/gitbook-cli/node_modules/npm/node_modules/validate-npm-package-license/node_modules/spdx-expression-parse/node_modules/spdx-license-ids/package.json
	modified:   node_modules/gitbook-cli/node_modules/npm/node_modules/validate-npm-package-license/node_modules/spdx-expression-parse/package.json
	modified:   node_modules/gitbook-cli/node_modules/npm/node_modules/validate-npm-package-license/package.json
	modified:   node_modules/gitbook-cli/node_modules/npm/node_modules/validate-npm-package-name/node_modules/builtins/package.json
	modified:   node_modules/gitbook-cli/node_modules/npm/node_modules/validate-npm-package-name/package.json
	modified:   node_modules/gitbook-cli/node_modules/npm/node_modules/which/node_modules/is-absolute/node_modules/is-relative/package.json
	modified:   node_modules/gitbook-cli/node_modules/npm/node_modules/which/node_modules/is-absolute/package.json
	modified:   node_modules/gitbook-cli/node_modules/npm/node_modules/which/node_modules/isexe/package.json
	modified:   node_modules/gitbook-cli/node_modules/npm/node_modules/which/package.json
	modified:   node_modules/gitbook-cli/node_modules/npm/node_modules/wrappy/package.json
	modified:   node_modules/gitbook-cli/node_modules/npm/node_modules/write-file-atomic/package.json
	modified:   node_modules/gitbook-cli/node_modules/npm/package.json
	modified:   node_modules/gitbook-cli/node_modules/npmi/node_modules/npm/node_modules/abbrev/package.json
	modified:   node_modules/gitbook-cli/node_modules/npmi/node_modules/npm/node_modules/ansi-regex/package.json
	modified:   node_modules/gitbook-cli/node_modules/npmi/node_modules/npm/node_modules/ansi/package.json
	modified:   node_modules/gitbook-cli/node_modules/npmi/node_modules/npm/node_modules/ansicolors/package.json
	modified:   node_modules/gitbook-cli/node_modules/npmi/node_modules/npm/node_modules/ansistyles/package.json
	modified:   node_modules/gitbook-cli/node_modules/npmi/node_modules/npm/node_modules/archy/package.json
	modified:   node_modules/gitbook-cli/node_modules/npmi/node_modules/npm/node_modules/async-some/package.json
	modified:   node_modules/gitbook-cli/node_modules/npmi/node_modules/npm/node_modules/block-stream/package.json
	modified:   node_modules/gitbook-cli/node_modules/npmi/node_modules/npm/node_modules/char-spinner/package.json
	modified:   node_modules/gitbook-cli/node_modules/npmi/node_modules/npm/node_modules/chmodr/package.json
	modified:   node_modules/gitbook-cli/node_modules/npmi/node_modules/npm/node_modules/chownr/package.json
	modified:   node_modules/gitbook-cli/node_modules/npmi/node_modules/npm/node_modules/cmd-shim/package.json
	modified:   node_modules/gitbook-cli/node_modules/npmi/node_modules/npm/node_modules/columnify/node_modules/wcwidth/node_modules/defaults/node_modules/clone/package.json
	modified:   node_modules/gitbook-cli/node_modules/npmi/node_modules/npm/node_modules/columnify/node_modules/wcwidth/node_modules/defaults/package.json
	modified:   node_modules/gitbook-cli/node_modules/npmi/node_modules/npm/node_modules/columnify/node_modules/wcwidth/package.json
	modified:   node_modules/gitbook-cli/node_modules/npmi/node_modules/npm/node_modules/columnify/package.json
	modified:   node_modules/gitbook-cli/node_modules/npmi/node_modules/npm/node_modules/config-chain/node_modules/proto-list/package.json
	modified:   node_modules/gitbook-cli/node_modules/npmi/node_modules/npm/node_modules/config-chain/package.json
	modified:   node_modules/gitbook-cli/node_modules/npmi/node_modules/npm/node_modules/dezalgo/node_modules/asap/package.json
	modified:   node_modules/gitbook-cli/node_modules/npmi/node_modules/npm/node_modules/dezalgo/package.json
	modified:   node_modules/gitbook-cli/node_modules/npmi/node_modules/npm/node_modules/editor/package.json
	modified:   node_modules/gitbook-cli/node_modules/npmi/node_modules/npm/node_modules/fs-vacuum/package.json
	modified:   node_modules/gitbook-cli/node_modules/npmi/node_modules/npm/node_modules/fs-write-stream-atomic/node_modules/iferr/package.json
	modified:   node_modules/gitbook-cli/node_modules/npmi/node_modules/npm/node_modules/fs-write-stream-atomic/package.json
	modified:   node_modules/gitbook-cli/node_modules/npmi/node_modules/npm/node_modules/fstream-npm/node_modules/fstream-ignore/package.json
	modified:   node_modules/gitbook-cli/node_modules/npmi/node_modules/npm/node_modules/fstream-npm/package.json
	modified:   node_modules/gitbook-cli/node_modules/npmi/node_modules/npm/node_modules/fstream/package.json
	modified:   node_modules/gitbook-cli/node_modules/npmi/node_modules/npm/node_modules/github-url-from-git/package.json
	modified:   node_modules/gitbook-cli/node_modules/npmi/node_modules/npm/node_modules/github-url-from-username-repo/package.json
	modified:   node_modules/gitbook-cli/node_modules/npmi/node_modules/npm/node_modules/glob/node_modules/fs.realpath/package.json
	modified:   node_modules/gitbook-cli/node_modules/npmi/node_modules/npm/node_modules/glob/node_modules/path-is-absolute/package.json
	modified:   node_modules/gitbook-cli/node_modules/npmi/node_modules/npm/node_modules/glob/package.json
	modified:   node_modules/gitbook-cli/node_modules/npmi/node_modules/npm/node_modules/graceful-fs/package.json
	modified:   node_modules/gitbook-cli/node_modules/npmi/node_modules/npm/node_modules/hosted-git-info/package.json
	modified:   node_modules/gitbook-cli/node_modules/npmi/node_modules/npm/node_modules/imurmurhash/package.json
	modified:   node_modules/gitbook-cli/node_modules/npmi/node_modules/npm/node_modules/inflight/package.json
	modified:   node_modules/gitbook-cli/node_modules/npmi/node_modules/npm/node_modules/inherits/package.json
	modified:   node_modules/gitbook-cli/node_modules/npmi/node_modules/npm/node_modules/ini/package.json
	modified:   node_modules/gitbook-cli/node_modules/npmi/node_modules/npm/node_modules/init-package-json/node_modules/glob/node_modules/path-is-absolute/package.json
	modified:   node_modules/gitbook-cli/node_modules/npmi/node_modules/npm/node_modules/init-package-json/node_modules/glob/package.json
	modified:   node_modules/gitbook-cli/node_modules/npmi/node_modules/npm/node_modules/init-package-json/node_modules/promzard/package.json
	modified:   node_modules/gitbook-cli/node_modules/npmi/node_modules/npm/node_modules/init-package-json/package.json
	modified:   node_modules/gitbook-cli/node_modules/npmi/node_modules/npm/node_modules/lockfile/package.json
	modified:   node_modules/gitbook-cli/node_modules/npmi/node_modules/npm/node_modules/lru-cache/node_modules/pseudomap/package.json
	modified:   node_modules/gitbook-cli/node_modules/npmi/node_modules/npm/node_modules/lru-cache/node_modules/yallist/package.json
	modified:   node_modules/gitbook-cli/node_modules/npmi/node_modules/npm/node_modules/lru-cache/package.json
	modified:   node_modules/gitbook-cli/node_modules/npmi/node_modules/npm/node_modules/minimatch/node_modules/brace-expansion/node_modules/balanced-match/package.json
	modified:   node_modules/gitbook-cli/node_modules/npmi/node_modules/npm/node_modules/minimatch/node_modules/brace-expansion/node_modules/concat-map/package.json
	modified:   node_modules/gitbook-cli/node_modules/npmi/node_modules/npm/node_modules/minimatch/node_modules/brace-expansion/package.json
	modified:   node_modules/gitbook-cli/node_modules/npmi/node_modules/npm/node_modules/minimatch/package.json
	modified:   node_modules/gitbook-cli/node_modules/npmi/node_modules/npm/node_modules/mkdirp/node_modules/minimist/package.json
	modified:   node_modules/gitbook-cli/node_modules/npmi/node_modules/npm/node_modules/mkdirp/package.json
	deleted:    node_modules/gitbook-cli/node_modules/npmi/node_modules/npm/node_modules/node-gyp/node_modules/.bin/semver
	modified:   node_modules/gitbook-cli/node_modules/npmi/node_modules/npm/node_modules/node-gyp/node_modules/semver/package.json
	modified:   node_modules/gitbook-cli/node_modules/npmi/node_modules/npm/node_modules/node-gyp/package.json
	modified:   node_modules/gitbook-cli/node_modules/npmi/node_modules/npm/node_modules/nopt/package.json
	modified:   node_modules/gitbook-cli/node_modules/npmi/node_modules/npm/node_modules/normalize-git-url/package.json
	modified:   node_modules/gitbook-cli/node_modules/npmi/node_modules/npm/node_modules/normalize-package-data/node_modules/is-builtin-module/node_modules/builtin-modules/package.json
	modified:   node_modules/gitbook-cli/node_modules/npmi/node_modules/npm/node_modules/normalize-package-data/node_modules/is-builtin-module/package.json
	modified:   node_modules/gitbook-cli/node_modules/npmi/node_modules/npm/node_modules/normalize-package-data/package.json
	modified:   node_modules/gitbook-cli/node_modules/npmi/node_modules/npm/node_modules/npm-cache-filename/package.json
	modified:   node_modules/gitbook-cli/node_modules/npmi/node_modules/npm/node_modules/npm-install-checks/package.json
	modified:   node_modules/gitbook-cli/node_modules/npmi/node_modules/npm/node_modules/npm-package-arg/package.json
	modified:   node_modules/gitbook-cli/node_modules/npmi/node_modules/npm/node_modules/npm-registry-client/node_modules/concat-stream/node_modules/readable-stream/node_modules/core-util-is/package.json
	modified:   node_modules/gitbook-cli/node_modules/npmi/node_modules/npm/node_modules/npm-registry-client/node_modules/concat-stream/node_modules/readable-stream/node_modules/isarray/package.json
	modified:   node_modules/gitbook-cli/node_modules/npmi/node_modules/npm/node_modules/npm-registry-client/node_modules/concat-stream/node_modules/readable-stream/node_modules/process-nextick-args/package.json
	modified:   node_modules/gitbook-cli/node_modules/npmi/node_modules/npm/node_modules/npm-registry-client/node_modules/concat-stream/node_modules/readable-stream/node_modules/string_decoder/package.json
	modified:   node_modules/gitbook-cli/node_modules/npmi/node_modules/npm/node_modules/npm-registry-client/node_modules/concat-stream/node_modules/readable-stream/node_modules/util-deprecate/package.json
	modified:   node_modules/gitbook-cli/node_modules/npmi/node_modules/npm/node_modules/npm-registry-client/node_modules/concat-stream/node_modules/readable-stream/package.json
	modified:   node_modules/gitbook-cli/node_modules/npmi/node_modules/npm/node_modules/npm-registry-client/node_modules/concat-stream/node_modules/typedarray/package.json
	modified:   node_modules/gitbook-cli/node_modules/npmi/node_modules/npm/node_modules/npm-registry-client/node_modules/concat-stream/package.json
	modified:   node_modules/gitbook-cli/node_modules/npmi/node_modules/npm/node_modules/npm-registry-client/node_modules/retry/package.json
	modified:   node_modules/gitbook-cli/node_modules/npmi/node_modules/npm/node_modules/npm-registry-client/package.json
	modified:   node_modules/gitbook-cli/node_modules/npmi/node_modules/npm/node_modules/npm-user-validate/package.json
	modified:   node_modules/gitbook-cli/node_modules/npmi/node_modules/npm/node_modules/npmlog/node_modules/are-we-there-yet/node_modules/delegates/package.json
	modified:   node_modules/gitbook-cli/node_modules/npmi/node_modules/npm/node_modules/npmlog/node_modules/are-we-there-yet/package.json
	modified:   node_modules/gitbook-cli/node_modules/npmi/node_modules/npm/node_modules/npmlog/node_modules/gauge/node_modules/has-unicode/package.json
	modified:   node_modules/gitbook-cli/node_modules/npmi/node_modules/npm/node_modules/npmlog/node_modules/gauge/node_modules/lodash._baseslice/package.json
	modified:   node_modules/gitbook-cli/node_modules/npmi/node_modules/npm/node_modules/npmlog/node_modules/gauge/node_modules/lodash._basetostring/package.json
	modified:   node_modules/gitbook-cli/node_modules/npmi/node_modules/npm/node_modules/npmlog/node_modules/gauge/node_modules/lodash.pad/package.json
	modified:   node_modules/gitbook-cli/node_modules/npmi/node_modules/npm/node_modules/npmlog/node_modules/gauge/node_modules/lodash.padend/package.json
	modified:   node_modules/gitbook-cli/node_modules/npmi/node_modules/npm/node_modules/npmlog/node_modules/gauge/node_modules/lodash.padstart/package.json
	modified:   node_modules/gitbook-cli/node_modules/npmi/node_modules/npm/node_modules/npmlog/node_modules/gauge/node_modules/lodash.tostring/package.json
	modified:   node_modules/gitbook-cli/node_modules/npmi/node_modules/npm/node_modules/npmlog/node_modules/gauge/package.json
	modified:   node_modules/gitbook-cli/node_modules/npmi/node_modules/npm/node_modules/npmlog/package.json
	modified:   node_modules/gitbook-cli/node_modules/npmi/node_modules/npm/node_modules/once/package.json
	modified:   node_modules/gitbook-cli/node_modules/npmi/node_modules/npm/node_modules/opener/package.json
	modified:   node_modules/gitbook-cli/node_modules/npmi/node_modules/npm/node_modules/osenv/node_modules/os-homedir/package.json
	modified:   node_modules/gitbook-cli/node_modules/npmi/node_modules/npm/node_modules/osenv/node_modules/os-tmpdir/package.json
	modified:   node_modules/gitbook-cli/node_modules/npmi/node_modules/npm/node_modules/osenv/package.json
	modified:   node_modules/gitbook-cli/node_modules/npmi/node_modules/npm/node_modules/path-is-inside/package.json
	modified:   node_modules/gitbook-cli/node_modules/npmi/node_modules/npm/node_modules/read-installed/node_modules/debuglog/package.json
	modified:   node_modules/gitbook-cli/node_modules/npmi/node_modules/npm/node_modules/read-installed/node_modules/readdir-scoped-modules/package.json
	modified:   node_modules/gitbook-cli/node_modules/npmi/node_modules/npm/node_modules/read-installed/node_modules/util-extend/package.json
	modified:   node_modules/gitbook-cli/node_modules/npmi/node_modules/npm/node_modules/read-installed/package.json
	modified:   node_modules/gitbook-cli/node_modules/npmi/node_modules/npm/node_modules/read-package-json/node_modules/glob/node_modules/path-is-absolute/package.json
	modified:   node_modules/gitbook-cli/node_modules/npmi/node_modules/npm/node_modules/read-package-json/node_modules/glob/package.json
	modified:   node_modules/gitbook-cli/node_modules/npmi/node_modules/npm/node_modules/read-package-json/node_modules/json-parse-helpfulerror/node_modules/jju/package.json
	modified:   node_modules/gitbook-cli/node_modules/npmi/node_modules/npm/node_modules/read-package-json/node_modules/json-parse-helpfulerror/package.json
	modified:   node_modules/gitbook-cli/node_modules/npmi/node_modules/npm/node_modules/read-package-json/package.json
	modified:   node_modules/gitbook-cli/node_modules/npmi/node_modules/npm/node_modules/read/node_modules/mute-stream/package.json
	modified:   node_modules/gitbook-cli/node_modules/npmi/node_modules/npm/node_modules/read/package.json
	modified:   node_modules/gitbook-cli/node_modules/npmi/node_modules/npm/node_modules/readable-stream/node_modules/buffer-shims/package.json
	modified:   node_modules/gitbook-cli/node_modules/npmi/node_modules/npm/node_modules/readable-stream/node_modules/core-util-is/package.json
	modified:   node_modules/gitbook-cli/node_modules/npmi/node_modules/npm/node_modules/readable-stream/node_modules/isarray/package.json
	modified:   node_modules/gitbook-cli/node_modules/npmi/node_modules/npm/node_modules/readable-stream/node_modules/process-nextick-args/package.json
	modified:   node_modules/gitbook-cli/node_modules/npmi/node_modules/npm/node_modules/readable-stream/node_modules/string_decoder/package.json
	modified:   node_modules/gitbook-cli/node_modules/npmi/node_modules/npm/node_modules/readable-stream/node_modules/util-deprecate/package.json
	modified:   node_modules/gitbook-cli/node_modules/npmi/node_modules/npm/node_modules/readable-stream/package.json
	modified:   node_modules/gitbook-cli/node_modules/npmi/node_modules/npm/node_modules/realize-package-specifier/package.json
	deleted:    node_modules/gitbook-cli/node_modules/npmi/node_modules/npm/node_modules/request/node_modules/.bin/har-validator
	deleted:    node_modules/gitbook-cli/node_modules/npmi/node_modules/npm/node_modules/request/node_modules/.bin/uuid
	modified:   node_modules/gitbook-cli/node_modules/npmi/node_modules/npm/node_modules/request/node_modules/aws-sign2/package.json
	modified:   node_modules/gitbook-cli/node_modules/npmi/node_modules/npm/node_modules/request/node_modules/aws4/package.json
	modified:   node_modules/gitbook-cli/node_modules/npmi/node_modules/npm/node_modules/request/node_modules/bl/node_modules/readable-stream/node_modules/core-util-is/package.json
	modified:   node_modules/gitbook-cli/node_modules/npmi/node_modules/npm/node_modules/request/node_modules/bl/node_modules/readable-stream/node_modules/isarray/package.json
	modified:   node_modules/gitbook-cli/node_modules/npmi/node_modules/npm/node_modules/request/node_modules/bl/node_modules/readable-stream/node_modules/process-nextick-args/package.json
	modified:   node_modules/gitbook-cli/node_modules/npmi/node_modules/npm/node_modules/request/node_modules/bl/node_modules/readable-stream/node_modules/string_decoder/package.json
	modified:   node_modules/gitbook-cli/node_modules/npmi/node_modules/npm/node_modules/request/node_modules/bl/node_modules/readable-stream/node_modules/util-deprecate/package.json
	modified:   node_modules/gitbook-cli/node_modules/npmi/node_modules/npm/node_modules/request/node_modules/bl/node_modules/readable-stream/package.json
	modified:   node_modules/gitbook-cli/node_modules/npmi/node_modules/npm/node_modules/request/node_modules/bl/package.json
	modified:   node_modules/gitbook-cli/node_modules/npmi/node_modules/npm/node_modules/request/node_modules/caseless/package.json
	modified:   node_modules/gitbook-cli/node_modules/npmi/node_modules/npm/node_modules/request/node_modules/combined-stream/node_modules/delayed-stream/package.json
	modified:   node_modules/gitbook-cli/node_modules/npmi/node_modules/npm/node_modules/request/node_modules/combined-stream/package.json
	modified:   node_modules/gitbook-cli/node_modules/npmi/node_modules/npm/node_modules/request/node_modules/extend/package.json
	modified:   node_modules/gitbook-cli/node_modules/npmi/node_modules/npm/node_modules/request/node_modules/forever-agent/package.json
	modified:   node_modules/gitbook-cli/node_modules/npmi/node_modules/npm/node_modules/request/node_modules/form-data/node_modules/async/package.json
	modified:   node_modules/gitbook-cli/node_modules/npmi/node_modules/npm/node_modules/request/node_modules/form-data/package.json
	modified:   node_modules/gitbook-cli/node_modules/npmi/node_modules/npm/node_modules/request/node_modules/har-validator/node_modules/chalk/node_modules/ansi-styles/package.json
	modified:   node_modules/gitbook-cli/node_modules/npmi/node_modules/npm/node_modules/request/node_modules/har-validator/node_modules/chalk/node_modules/escape-string-regexp/package.json
	modified:   node_modules/gitbook-cli/node_modules/npmi/node_modules/npm/node_modules/request/node_modules/har-validator/node_modules/chalk/node_modules/has-ansi/package.json
	modified:   node_modules/gitbook-cli/node_modules/npmi/node_modules/npm/node_modules/request/node_modules/har-validator/node_modules/chalk/node_modules/supports-color/package.json
	modified:   node_modules/gitbook-cli/node_modules/npmi/node_modules/npm/node_modules/request/node_modules/har-validator/node_modules/chalk/package.json
	modified:   node_modules/gitbook-cli/node_modules/npmi/node_modules/npm/node_modules/request/node_modules/har-validator/node_modules/commander/node_modules/graceful-readlink/package.json
	modified:   node_modules/gitbook-cli/node_modules/npmi/node_modules/npm/node_modules/request/node_modules/har-validator/node_modules/commander/package.json
	modified:   node_modules/gitbook-cli/node_modules/npmi/node_modules/npm/node_modules/request/node_modules/har-validator/node_modules/is-my-json-valid/node_modules/generate-function/package.json
	modified:   node_modules/gitbook-cli/node_modules/npmi/node_modules/npm/node_modules/request/node_modules/har-validator/node_modules/is-my-json-valid/node_modules/generate-object-property/node_modules/is-property/package.json
	modified:   node_modules/gitbook-cli/node_modules/npmi/node_modules/npm/node_modules/request/node_modules/har-validator/node_modules/is-my-json-valid/node_modules/generate-object-property/package.json
	modified:   node_modules/gitbook-cli/node_modules/npmi/node_modules/npm/node_modules/request/node_modules/har-validator/node_modules/is-my-json-valid/node_modules/jsonpointer/package.json
	modified:   node_modules/gitbook-cli/node_modules/npmi/node_modules/npm/node_modules/request/node_modules/har-validator/node_modules/is-my-json-valid/node_modules/xtend/package.json
	modified:   node_modules/gitbook-cli/node_modules/npmi/node_modules/npm/node_modules/request/node_modules/har-validator/node_modules/is-my-json-valid/package.json
	modified:   node_modules/gitbook-cli/node_modules/npmi/node_modules/npm/node_modules/request/node_modules/har-validator/node_modules/pinkie-promise/node_modules/pinkie/package.json
	modified:   node_modules/gitbook-cli/node_modules/npmi/node_modules/npm/node_modules/request/node_modules/har-validator/node_modules/pinkie-promise/package.json
	modified:   node_modules/gitbook-cli/node_modules/npmi/node_modules/npm/node_modules/request/node_modules/har-validator/package.json
	modified:   node_modules/gitbook-cli/node_modules/npmi/node_modules/npm/node_modules/request/node_modules/hawk/node_modules/boom/package.json
	modified:   node_modules/gitbook-cli/node_modules/npmi/node_modules/npm/node_modules/request/node_modules/hawk/node_modules/cryptiles/package.json
	modified:   node_modules/gitbook-cli/node_modules/npmi/node_modules/npm/node_modules/request/node_modules/hawk/node_modules/hoek/package.json
	modified:   node_modules/gitbook-cli/node_modules/npmi/node_modules/npm/node_modules/request/node_modules/hawk/node_modules/sntp/package.json
	modified:   node_modules/gitbook-cli/node_modules/npmi/node_modules/npm/node_modules/request/node_modules/hawk/package.json
	deleted:    node_modules/gitbook-cli/node_modules/npmi/node_modules/npm/node_modules/request/node_modules/http-signature/node_modules/.bin/sshpk-conv
	deleted:    node_modules/gitbook-cli/node_modules/npmi/node_modules/npm/node_modules/request/node_modules/http-signature/node_modules/.bin/sshpk-sign
	deleted:    node_modules/gitbook-cli/node_modules/npmi/node_modules/npm/node_modules/request/node_modules/http-signature/node_modules/.bin/sshpk-verify
	modified:   node_modules/gitbook-cli/node_modules/npmi/node_modules/npm/node_modules/request/node_modules/http-signature/node_modules/assert-plus/package.json
	modified:   node_modules/gitbook-cli/node_modules/npmi/node_modules/npm/node_modules/request/node_modules/http-signature/node_modules/jsprim/node_modules/extsprintf/package.json
	modified:   node_modules/gitbook-cli/node_modules/npmi/node_modules/npm/node_modules/request/node_modules/http-signature/node_modules/jsprim/node_modules/json-schema/package.json
	modified:   node_modules/gitbook-cli/node_modules/npmi/node_modules/npm/node_modules/request/node_modules/http-signature/node_modules/jsprim/node_modules/verror/package.json
	modified:   node_modules/gitbook-cli/node_modules/npmi/node_modules/npm/node_modules/request/node_modules/http-signature/node_modules/jsprim/package.json
	modified:   node_modules/gitbook-cli/node_modules/npmi/node_modules/npm/node_modules/request/node_modules/http-signature/node_modules/sshpk/node_modules/asn1/package.json
	modified:   node_modules/gitbook-cli/node_modules/npmi/node_modules/npm/node_modules/request/node_modules/http-signature/node_modules/sshpk/node_modules/assert-plus/package.json
	modified:   node_modules/gitbook-cli/node_modules/npmi/node_modules/npm/node_modules/request/node_modules/http-signature/node_modules/sshpk/node_modules/dashdash/package.json
	modified:   node_modules/gitbook-cli/node_modules/npmi/node_modules/npm/node_modules/request/node_modules/http-signature/node_modules/sshpk/node_modules/ecc-jsbn/package.json
	modified:   node_modules/gitbook-cli/node_modules/npmi/node_modules/npm/node_modules/request/node_modules/http-signature/node_modules/sshpk/node_modules/getpass/package.json
	modified:   node_modules/gitbook-cli/node_modules/npmi/node_modules/npm/node_modules/request/node_modules/http-signature/node_modules/sshpk/node_modules/jodid25519/package.json
	modified:   node_modules/gitbook-cli/node_modules/npmi/node_modules/npm/node_modules/request/node_modules/http-signature/node_modules/sshpk/node_modules/jsbn/package.json
	modified:   node_modules/gitbook-cli/node_modules/npmi/node_modules/npm/node_modules/request/node_modules/http-signature/node_modules/sshpk/node_modules/tweetnacl/package.json
	modified:   node_modules/gitbook-cli/node_modules/npmi/node_modules/npm/node_modules/request/node_modules/http-signature/node_modules/sshpk/package.json
	modified:   node_modules/gitbook-cli/node_modules/npmi/node_modules/npm/node_modules/request/node_modules/http-signature/package.json
	modified:   node_modules/gitbook-cli/node_modules/npmi/node_modules/npm/node_modules/request/node_modules/is-typedarray/package.json
	modified:   node_modules/gitbook-cli/node_modules/npmi/node_modules/npm/node_modules/request/node_modules/isstream/package.json
	modified:   node_modules/gitbook-cli/node_modules/npmi/node_modules/npm/node_modules/request/node_modules/json-stringify-safe/package.json
	modified:   node_modules/gitbook-cli/node_modules/npmi/node_modules/npm/node_modules/request/node_modules/mime-types/node_modules/mime-db/package.json
	modified:   node_modules/gitbook-cli/node_modules/npmi/node_modules/npm/node_modules/request/node_modules/mime-types/package.json
	modified:   node_modules/gitbook-cli/node_modules/npmi/node_modules/npm/node_modules/request/node_modules/node-uuid/package.json
	modified:   node_modules/gitbook-cli/node_modules/npmi/node_modules/npm/node_modules/request/node_modules/oauth-sign/package.json
	modified:   node_modules/gitbook-cli/node_modules/npmi/node_modules/npm/node_modules/request/node_modules/qs/package.json
	modified:   node_modules/gitbook-cli/node_modules/npmi/node_modules/npm/node_modules/request/node_modules/stringstream/package.json
	modified:   node_modules/gitbook-cli/node_modules/npmi/node_modules/npm/node_modules/request/node_modules/tough-cookie/package.json
	modified:   node_modules/gitbook-cli/node_modules/npmi/node_modules/npm/node_modules/request/node_modules/tunnel-agent/package.json
	modified:   node_modules/gitbook-cli/node_modules/npmi/node_modules/npm/node_modules/request/package.json
	modified:   node_modules/gitbook-cli/node_modules/npmi/node_modules/npm/node_modules/retry/package.json
	modified:   node_modules/gitbook-cli/node_modules/npmi/node_modules/npm/node_modules/rimraf/package.json
	modified:   node_modules/gitbook-cli/node_modules/npmi/node_modules/npm/node_modules/semver/package.json
	modified:   node_modules/gitbook-cli/node_modules/npmi/node_modules/npm/node_modules/sha/node_modules/readable-stream/node_modules/core-util-is/package.json
	modified:   node_modules/gitbook-cli/node_modules/npmi/node_modules/npm/node_modules/sha/node_modules/readable-stream/node_modules/isarray/package.json
	modified:   node_modules/gitbook-cli/node_modules/npmi/node_modules/npm/node_modules/sha/node_modules/readable-stream/node_modules/process-nextick-args/package.json
	modified:   node_modules/gitbook-cli/node_modules/npmi/node_modules/npm/node_modules/sha/node_modules/readable-stream/node_modules/string_decoder/package.json
	modified:   node_modules/gitbook-cli/node_modules/npmi/node_modules/npm/node_modules/sha/node_modules/readable-stream/node_modules/util-deprecate/package.json
	modified:   node_modules/gitbook-cli/node_modules/npmi/node_modules/npm/node_modules/sha/node_modules/readable-stream/package.json
	modified:   node_modules/gitbook-cli/node_modules/npmi/node_modules/npm/node_modules/sha/package.json
	modified:   node_modules/gitbook-cli/node_modules/npmi/node_modules/npm/node_modules/slide/package.json
	modified:   node_modules/gitbook-cli/node_modules/npmi/node_modules/npm/node_modules/sorted-object/package.json
	modified:   node_modules/gitbook-cli/node_modules/npmi/node_modules/npm/node_modules/spdx-license-ids/package.json
	modified:   node_modules/gitbook-cli/node_modules/npmi/node_modules/npm/node_modules/strip-ansi/package.json
	modified:   node_modules/gitbook-cli/node_modules/npmi/node_modules/npm/node_modules/tar/package.json
	modified:   node_modules/gitbook-cli/node_modules/npmi/node_modules/npm/node_modules/text-table/package.json
	modified:   node_modules/gitbook-cli/node_modules/npmi/node_modules/npm/node_modules/uid-number/package.json
	modified:   node_modules/gitbook-cli/node_modules/npmi/node_modules/npm/node_modules/umask/package.json
	modified:   node_modules/gitbook-cli/node_modules/npmi/node_modules/npm/node_modules/validate-npm-package-license/node_modules/spdx-correct/package.json
	modified:   node_modules/gitbook-cli/node_modules/npmi/node_modules/npm/node_modules/validate-npm-package-license/node_modules/spdx-expression-parse/node_modules/spdx-exceptions/package.json
	modified:   node_modules/gitbook-cli/node_modules/npmi/node_modules/npm/node_modules/validate-npm-package-license/node_modules/spdx-expression-parse/package.json
	modified:   node_modules/gitbook-cli/node_modules/npmi/node_modules/npm/node_modules/validate-npm-package-license/package.json
	modified:   node_modules/gitbook-cli/node_modules/npmi/node_modules/npm/node_modules/validate-npm-package-name/node_modules/builtins/package.json
	modified:   node_modules/gitbook-cli/node_modules/npmi/node_modules/npm/node_modules/validate-npm-package-name/package.json
	modified:   node_modules/gitbook-cli/node_modules/npmi/node_modules/npm/node_modules/which/node_modules/isexe/package.json
	modified:   node_modules/gitbook-cli/node_modules/npmi/node_modules/npm/node_modules/which/package.json
	modified:   node_modules/gitbook-cli/node_modules/npmi/node_modules/npm/node_modules/wrappy/package.json
	modified:   node_modules/gitbook-cli/node_modules/npmi/node_modules/npm/node_modules/write-file-atomic/package.json
	modified:   node_modules/gitbook-cli/node_modules/npmi/node_modules/npm/package.json
	modified:   node_modules/gitbook-cli/node_modules/npmi/node_modules/semver/package.json
	modified:   node_modules/gitbook-cli/node_modules/npmi/package.json
	modified:   node_modules/gitbook-cli/node_modules/q/package.json
	modified:   node_modules/gitbook-cli/node_modules/semver/package.json
	modified:   node_modules/gitbook-cli/node_modules/tmp/package.json
	modified:   node_modules/gitbook-cli/package.json
	modified:   node_modules/gitbook-parsers/node_modules/q/CHANGES.md
	modified:   node_modules/gitbook-parsers/node_modules/q/README.md
	modified:   node_modules/gitbook-plugin-fontsettings/README.md
	modified:   node_modules/gitbook-plugin-fontsettings/index.js
	modified:   node_modules/gitbook-plugin-fontsettings/package.json
	modified:   node_modules/gitbook-restructuredtext/node_modules/q/CHANGES.md
	modified:   node_modules/gitbook-restructuredtext/node_modules/q/README.md
	deleted:    node_modules/gitbook/node_modules/.bin/mustache
	deleted:    node_modules/gitbook/node_modules/debug/CHANGELOG.md
	deleted:    node_modules/gitbook/node_modules/debug/LICENSE
	deleted:    node_modules/gitbook/node_modules/debug/README.md
	deleted:    node_modules/gitbook/node_modules/debug/node.js
	deleted:    node_modules/gitbook/node_modules/debug/package.json
	deleted:    node_modules/gitbook/node_modules/debug/src/browser.js
	deleted:    node_modules/gitbook/node_modules/debug/src/common.js
	deleted:    node_modules/gitbook/node_modules/debug/src/index.js
	deleted:    node_modules/gitbook/node_modules/debug/src/node.js
	deleted:    node_modules/gitbook/node_modules/fresh/HISTORY.md
	deleted:    node_modules/gitbook/node_modules/fresh/LICENSE
	deleted:    node_modules/gitbook/node_modules/fresh/README.md
	deleted:    node_modules/gitbook/node_modules/fresh/index.js
	deleted:    node_modules/gitbook/node_modules/fresh/package.json
	modified:   node_modules/gitbook/node_modules/i18n/package.json
	deleted:    node_modules/gitbook/node_modules/mime/LICENSE
	deleted:    node_modules/gitbook/node_modules/mime/README.md
	deleted:    node_modules/gitbook/node_modules/mime/mime.js
	deleted:    node_modules/gitbook/node_modules/mime/package.json
	deleted:    node_modules/gitbook/node_modules/mime/test.js
	deleted:    node_modules/gitbook/node_modules/mime/types/mime.types
	deleted:    node_modules/gitbook/node_modules/mime/types/node.types
	deleted:    node_modules/gitbook/node_modules/ms/index.js
	deleted:    node_modules/gitbook/node_modules/ms/license.md
	deleted:    node_modules/gitbook/node_modules/ms/package.json
	deleted:    node_modules/gitbook/node_modules/ms/readme.md
	deleted:    node_modules/gitbook/node_modules/mustache/CHANGELOG.md
	deleted:    node_modules/gitbook/node_modules/mustache/LICENSE
	deleted:    node_modules/gitbook/node_modules/mustache/README.md
	deleted:    node_modules/gitbook/node_modules/mustache/bin/mustache
	deleted:    node_modules/gitbook/node_modules/mustache/mustache.js
	deleted:    node_modules/gitbook/node_modules/mustache/mustache.min.js
	deleted:    node_modules/gitbook/node_modules/mustache/mustache.mjs
	deleted:    node_modules/gitbook/node_modules/mustache/package.json
	deleted:    node_modules/gitbook/node_modules/mustache/wrappers/dojo/mustache.js.post
	deleted:    node_modules/gitbook/node_modules/mustache/wrappers/dojo/mustache.js.pre
	deleted:    node_modules/gitbook/node_modules/mustache/wrappers/jquery/mustache.js.post
	deleted:    node_modules/gitbook/node_modules/mustache/wrappers/jquery/mustache.js.pre
	deleted:    node_modules/gitbook/node_modules/mustache/wrappers/mootools/mustache.js.post
	deleted:    node_modules/gitbook/node_modules/mustache/wrappers/mootools/mustache.js.pre
	deleted:    node_modules/gitbook/node_modules/mustache/wrappers/qooxdoo/mustache.js.post
	deleted:    node_modules/gitbook/node_modules/mustache/wrappers/qooxdoo/mustache.js.pre
	deleted:    node_modules/gitbook/node_modules/mustache/wrappers/yui3/mustache.js.post
	deleted:    node_modules/gitbook/node_modules/mustache/wrappers/yui3/mustache.js.pre
	deleted:    node_modules/gitbook/node_modules/range-parser/HISTORY.md
	deleted:    node_modules/gitbook/node_modules/range-parser/LICENSE
	deleted:    node_modules/gitbook/node_modules/range-parser/README.md
	deleted:    node_modules/gitbook/node_modules/range-parser/index.js
	deleted:    node_modules/gitbook/node_modules/range-parser/package.json
	modified:   node_modules/gitbook/node_modules/send/package.json
	deleted:    node_modules/gitbook/node_modules/sprintf/.npmignore
	deleted:    node_modules/gitbook/node_modules/sprintf/README.md
	deleted:    node_modules/gitbook/node_modules/sprintf/lib/sprintf.js
	deleted:    node_modules/gitbook/node_modules/sprintf/package.json
	deleted:    node_modules/gitbook/node_modules/sprintf/test/function-export.js
	modified:   node_modules/gitbook/package.json
	modified:   node_modules/glob-base/README.md
	modified:   node_modules/glob-base/node_modules/is-glob/README.md
	modified:   node_modules/glob-parent/node_modules/is-glob/README.md
	modified:   node_modules/glob/README.md
	modified:   node_modules/glob/changelog.md
	modified:   node_modules/glob/node_modules/minimatch/README.md
	modified:   node_modules/graceful-fs/README.md
	modified:   node_modules/graceful-readlink/README.md
	modified:   node_modules/has-unicode/README.md
	modified:   node_modules/hawk/README.md
	modified:   node_modules/highlight.js/README.md
	modified:   node_modules/hoek/README.md
	modified:   node_modules/htmlparser2/README.md
	modified:   node_modules/http-errors/README.md
	modified:   node_modules/http-parser-js/CHANGELOG.md
	modified:   node_modules/http-parser-js/README.md
	modified:   node_modules/http-signature/README.md
	modified:   node_modules/http-signature/http_signing.md
	modified:   node_modules/iconv-lite/README.md
	modified:   node_modules/inflight/README.md
	modified:   node_modules/inherits/README.md
	modified:   node_modules/is-binary-path/readme.md
	modified:   node_modules/is-buffer/README.md
	modified:   node_modules/is-dotfile/README.md
	modified:   node_modules/is-equal-shallow/README.md
	modified:   node_modules/is-extendable/README.md
	modified:   node_modules/is-extglob/README.md
	modified:   node_modules/is-fullwidth-code-point/readme.md
	modified:   node_modules/is-glob/README.md
	modified:   node_modules/is-number/README.md
	modified:   node_modules/is-posix-bracket/README.md
	modified:   node_modules/is-primitive/README.md
	modified:   node_modules/isarray/README.md
	modified:   node_modules/isobject/README.md
	modified:   node_modules/isobject/node_modules/isarray/README.md
	modified:   node_modules/json-schema-defaults/CHANGELOG.md
	modified:   node_modules/json-schema-defaults/Readme.md
	modified:   node_modules/json-stringify-safe/CHANGELOG.md
	modified:   node_modules/json-stringify-safe/README.md
	modified:   node_modules/jsonfile/node_modules/graceful-fs/README.md
	modified:   node_modules/jsonschema/README.md
	modified:   node_modules/juice/README.md
	modified:   node_modules/kind-of/README.md
	modified:   node_modules/klaw/node_modules/graceful-fs/README.md
	modified:   node_modules/kramed/README.md
	modified:   node_modules/kramed/doc/broken.md
	modified:   node_modules/lazy-cache/README.md
	modified:   node_modules/lodash/README.md
	modified:   node_modules/longest/README.md
	modified:   node_modules/lru-cache/README.md
	modified:   node_modules/lru-queue/README.md
	modified:   node_modules/math-random/readme.md
	modified:   node_modules/media-typer/README.md
	modified:   node_modules/memoizee/README.md
	modified:   node_modules/memoizee/node_modules/next-tick/README.md
	modified:   node_modules/merge-defaults/README.md
	modified:   node_modules/merge-defaults/node_modules/lodash/README.md
	modified:   node_modules/micromatch/README.md
	modified:   node_modules/micromatch/node_modules/is-glob/README.md
	modified:   node_modules/mime-db/README.md
	modified:   node_modules/mime-types/README.md
	modified:   node_modules/mimer/README.md
	modified:   node_modules/minimatch/README.md
	modified:   node_modules/nan/README.md
	modified:   node_modules/nan/doc/asyncworker.md
	modified:   node_modules/nan/doc/buffers.md
	modified:   node_modules/nan/doc/callback.md
	modified:   node_modules/nan/doc/converters.md
	modified:   node_modules/nan/doc/errors.md
	modified:   node_modules/nan/doc/json.md
	modified:   node_modules/nan/doc/maybe_types.md
	modified:   node_modules/nan/doc/methods.md
	modified:   node_modules/nan/doc/new.md
	modified:   node_modules/nan/doc/node_misc.md
	modified:   node_modules/nan/doc/object_wrappers.md
	modified:   node_modules/nan/doc/persistent.md
	modified:   node_modules/nan/doc/scopes.md
	modified:   node_modules/nan/doc/script.md
	modified:   node_modules/nan/doc/string_bytes.md
	modified:   node_modules/nan/doc/v8_internals.md
	modified:   node_modules/nan/doc/v8_misc.md
	modified:   node_modules/next-tick/README.md
	modified:   node_modules/normalize-path/README.md
	modified:   node_modules/npm/CONTRIBUTING.md
	modified:   node_modules/npm/README.md
	modified:   node_modules/npm/doc/api/npm-bin.md
	modified:   node_modules/npm/doc/api/npm-bugs.md
	modified:   node_modules/npm/doc/api/npm-cache.md
	modified:   node_modules/npm/doc/api/npm-commands.md
	modified:   node_modules/npm/doc/api/npm-config.md
	modified:   node_modules/npm/doc/api/npm-deprecate.md
	modified:   node_modules/npm/doc/api/npm-docs.md
	modified:   node_modules/npm/doc/api/npm-edit.md
	modified:   node_modules/npm/doc/api/npm-explore.md
	modified:   node_modules/npm/doc/api/npm-help-search.md
	modified:   node_modules/npm/doc/api/npm-init.md
	modified:   node_modules/npm/doc/api/npm-install.md
	modified:   node_modules/npm/doc/api/npm-link.md
	modified:   node_modules/npm/doc/api/npm-load.md
	modified:   node_modules/npm/doc/api/npm-ls.md
	modified:   node_modules/npm/doc/api/npm-outdated.md
	modified:   node_modules/npm/doc/api/npm-owner.md
	modified:   node_modules/npm/doc/api/npm-pack.md
	modified:   node_modules/npm/doc/api/npm-prefix.md
	modified:   node_modules/npm/doc/api/npm-prune.md
	modified:   node_modules/npm/doc/api/npm-publish.md
	modified:   node_modules/npm/doc/api/npm-rebuild.md
	modified:   node_modules/npm/doc/api/npm-repo.md
	modified:   node_modules/npm/doc/api/npm-restart.md
	modified:   node_modules/npm/doc/api/npm-root.md
	modified:   node_modules/npm/doc/api/npm-run-script.md
	modified:   node_modules/npm/doc/api/npm-search.md
	modified:   node_modules/npm/doc/api/npm-shrinkwrap.md
	modified:   node_modules/npm/doc/api/npm-start.md
	modified:   node_modules/npm/doc/api/npm-stop.md
	modified:   node_modules/npm/doc/api/npm-tag.md
	modified:   node_modules/npm/doc/api/npm-test.md
	modified:   node_modules/npm/doc/api/npm-uninstall.md
	modified:   node_modules/npm/doc/api/npm-unpublish.md
	modified:   node_modules/npm/doc/api/npm-update.md
	modified:   node_modules/npm/doc/api/npm-version.md
	modified:   node_modules/npm/doc/api/npm-view.md
	modified:   node_modules/npm/doc/api/npm-whoami.md
	modified:   node_modules/npm/doc/api/npm.md
	modified:   node_modules/npm/doc/cli/npm-access.md
	modified:   node_modules/npm/doc/cli/npm-adduser.md
	modified:   node_modules/npm/doc/cli/npm-bin.md
	modified:   node_modules/npm/doc/cli/npm-bugs.md
	modified:   node_modules/npm/doc/cli/npm-build.md
	modified:   node_modules/npm/doc/cli/npm-bundle.md
	modified:   node_modules/npm/doc/cli/npm-cache.md
	modified:   node_modules/npm/doc/cli/npm-completion.md
	modified:   node_modules/npm/doc/cli/npm-config.md
	modified:   node_modules/npm/doc/cli/npm-dedupe.md
	modified:   node_modules/npm/doc/cli/npm-deprecate.md
	modified:   node_modules/npm/doc/cli/npm-dist-tag.md
	modified:   node_modules/npm/doc/cli/npm-docs.md
	modified:   node_modules/npm/doc/cli/npm-edit.md
	modified:   node_modules/npm/doc/cli/npm-explore.md
	modified:   node_modules/npm/doc/cli/npm-help-search.md
	modified:   node_modules/npm/doc/cli/npm-help.md
	modified:   node_modules/npm/doc/cli/npm-init.md
	modified:   node_modules/npm/doc/cli/npm-install.md
	modified:   node_modules/npm/doc/cli/npm-link.md
	modified:   node_modules/npm/doc/cli/npm-ls.md
	modified:   node_modules/npm/doc/cli/npm-outdated.md
	modified:   node_modules/npm/doc/cli/npm-owner.md
	modified:   node_modules/npm/doc/cli/npm-pack.md
	modified:   node_modules/npm/doc/cli/npm-prefix.md
	modified:   node_modules/npm/doc/cli/npm-prune.md
	modified:   node_modules/npm/doc/cli/npm-publish.md
	modified:   node_modules/npm/doc/cli/npm-rebuild.md
	modified:   node_modules/npm/doc/cli/npm-repo.md
	modified:   node_modules/npm/doc/cli/npm-restart.md
	modified:   node_modules/npm/doc/cli/npm-rm.md
	modified:   node_modules/npm/doc/cli/npm-root.md
	modified:   node_modules/npm/doc/cli/npm-run-script.md
	modified:   node_modules/npm/doc/cli/npm-search.md
	modified:   node_modules/npm/doc/cli/npm-shrinkwrap.md
	modified:   node_modules/npm/doc/cli/npm-star.md
	modified:   node_modules/npm/doc/cli/npm-stars.md
	modified:   node_modules/npm/doc/cli/npm-start.md
	modified:   node_modules/npm/doc/cli/npm-stop.md
	modified:   node_modules/npm/doc/cli/npm-tag.md
	modified:   node_modules/npm/doc/cli/npm-test.md
	modified:   node_modules/npm/doc/cli/npm-uninstall.md
	modified:   node_modules/npm/doc/cli/npm-unpublish.md
	modified:   node_modules/npm/doc/cli/npm-update.md
	modified:   node_modules/npm/doc/cli/npm-version.md
	modified:   node_modules/npm/doc/cli/npm-view.md
	modified:   node_modules/npm/doc/cli/npm-whoami.md
	modified:   node_modules/npm/doc/cli/npm.md
	modified:   node_modules/npm/doc/files/npm-folders.md
	modified:   node_modules/npm/doc/files/npmrc.md
	modified:   node_modules/npm/doc/files/package.json.md
	modified:   node_modules/npm/doc/misc/npm-coding-style.md
	modified:   node_modules/npm/doc/misc/npm-config.md
	modified:   node_modules/npm/doc/misc/npm-developers.md
	modified:   node_modules/npm/doc/misc/npm-disputes.md
	modified:   node_modules/npm/doc/misc/npm-faq.md
	modified:   node_modules/npm/doc/misc/npm-index.md
	modified:   node_modules/npm/doc/misc/npm-registry.md
	modified:   node_modules/npm/doc/misc/npm-scope.md
	modified:   node_modules/npm/doc/misc/npm-scripts.md
	modified:   node_modules/npm/doc/misc/removing-npm.md
	modified:   node_modules/npm/doc/misc/semver.md
	modified:   node_modules/npm/node_modules/ansicolors/README.md
	modified:   node_modules/npm/node_modules/ansistyles/README.md
	modified:   node_modules/npm/node_modules/async-some/README.md
	modified:   node_modules/npm/node_modules/char-spinner/README.md
	modified:   node_modules/npm/node_modules/child-process-close/README.md
	modified:   node_modules/npm/node_modules/cmd-shim/README.md
	modified:   node_modules/npm/node_modules/columnify/Readme.md
	modified:   node_modules/npm/node_modules/columnify/node_modules/strip-ansi/node_modules/ansi-regex/readme.md
	modified:   node_modules/npm/node_modules/columnify/node_modules/strip-ansi/readme.md
	modified:   node_modules/npm/node_modules/columnify/node_modules/wcwidth/Readme.md
	modified:   node_modules/npm/node_modules/columnify/node_modules/wcwidth/node_modules/defaults/README.md
	modified:   node_modules/npm/node_modules/columnify/node_modules/wcwidth/node_modules/defaults/node_modules/clone/README.md
	modified:   node_modules/npm/node_modules/dezalgo/README.md
	modified:   node_modules/npm/node_modules/dezalgo/node_modules/asap/README.md
	modified:   node_modules/npm/node_modules/fs-vacuum/README.md
	modified:   node_modules/npm/node_modules/fs-write-stream-atomic/README.md
	modified:   node_modules/npm/node_modules/fstream/README.md
	modified:   node_modules/npm/node_modules/github-url-from-username-repo/README.md
	modified:   node_modules/npm/node_modules/glob/README.md
	modified:   node_modules/npm/node_modules/graceful-fs/README.md
	modified:   node_modules/npm/node_modules/inflight/README.md
	modified:   node_modules/npm/node_modules/inherits/README.md
	modified:   node_modules/npm/node_modules/ini/README.md
	modified:   node_modules/npm/node_modules/init-package-json/README.md
	modified:   node_modules/npm/node_modules/init-package-json/node_modules/promzard/README.md
	modified:   node_modules/npm/node_modules/init-package-json/node_modules/promzard/example/npm-init/README.md
	modified:   node_modules/npm/node_modules/lockfile/README.md
	modified:   node_modules/npm/node_modules/lru-cache/README.md
	modified:   node_modules/npm/node_modules/minimatch/README.md
	modified:   node_modules/npm/node_modules/minimatch/node_modules/brace-expansion/README.md
	modified:   node_modules/npm/node_modules/minimatch/node_modules/brace-expansion/node_modules/balanced-match/README.md
	modified:   node_modules/npm/node_modules/node-gyp/node_modules/minimatch/README.md
	modified:   node_modules/npm/node_modules/node-gyp/node_modules/minimatch/node_modules/sigmund/README.md
	modified:   node_modules/npm/node_modules/nopt/README.md
	modified:   node_modules/npm/node_modules/normalize-git-url/README.md
	modified:   node_modules/npm/node_modules/normalize-package-data/README.md
	modified:   node_modules/npm/node_modules/npm-cache-filename/README.md
	modified:   node_modules/npm/node_modules/npm-install-checks/README.md
	modified:   node_modules/npm/node_modules/npm-package-arg/README.md
	modified:   node_modules/npm/node_modules/npm-registry-client/README.md
	modified:   node_modules/npm/node_modules/npm-registry-client/node_modules/concat-stream/node_modules/readable-stream/node_modules/isarray/README.md
	modified:   node_modules/npm/node_modules/npm-registry-client/node_modules/concat-stream/readme.md
	modified:   node_modules/npm/node_modules/npm-registry-client/node_modules/npm-package-arg/README.md
	modified:   node_modules/npm/node_modules/npm-registry-client/node_modules/npm-package-arg/node_modules/hosted-git-info/README.md
	modified:   node_modules/npm/node_modules/npm-registry-client/node_modules/npmlog/README.md
	modified:   node_modules/npm/node_modules/npmlog/README.md
	modified:   node_modules/npm/node_modules/once/README.md
	modified:   node_modules/npm/node_modules/opener/README.md
	modified:   node_modules/npm/node_modules/osenv/README.md
	modified:   node_modules/npm/node_modules/path-is-inside/README.md
	modified:   node_modules/npm/node_modules/read-installed/README.md
	modified:   node_modules/npm/node_modules/read-installed/node_modules/debuglog/README.md
	modified:   node_modules/npm/node_modules/read-installed/node_modules/readdir-scoped-modules/README.md
	modified:   node_modules/npm/node_modules/read-installed/node_modules/util-extend/README.md
	modified:   node_modules/npm/node_modules/read-package-json/README.md
	modified:   node_modules/npm/node_modules/read/README.md
	modified:   node_modules/npm/node_modules/read/node_modules/mute-stream/README.md
	modified:   node_modules/npm/node_modules/readable-stream/node_modules/isarray/README.md
	modified:   node_modules/npm/node_modules/realize-package-specifier/README.md
	modified:   node_modules/npm/node_modules/request/CHANGELOG.md
	modified:   node_modules/npm/node_modules/request/CONTRIBUTING.md
	modified:   node_modules/npm/node_modules/request/README.md
	modified:   node_modules/npm/node_modules/request/examples/README.md
	modified:   node_modules/npm/node_modules/request/node_modules/bl/README.md
	modified:   node_modules/npm/node_modules/request/node_modules/caseless/README.md
	modified:   node_modules/npm/node_modules/request/node_modules/combined-stream/Readme.md
	modified:   node_modules/npm/node_modules/request/node_modules/combined-stream/node_modules/delayed-stream/Readme.md
	modified:   node_modules/npm/node_modules/request/node_modules/form-data/Readme.md
	modified:   node_modules/npm/node_modules/request/node_modules/form-data/node_modules/async/README.md
	modified:   node_modules/npm/node_modules/request/node_modules/form-data/node_modules/mime-types/README.md
	modified:   node_modules/npm/node_modules/request/node_modules/form-data/node_modules/mime-types/node_modules/mime-db/README.md
	modified:   node_modules/npm/node_modules/request/node_modules/hawk/README.md
	modified:   node_modules/npm/node_modules/request/node_modules/hawk/node_modules/hoek/README.md
	modified:   node_modules/npm/node_modules/request/node_modules/http-signature/README.md
	modified:   node_modules/npm/node_modules/request/node_modules/http-signature/http_signing.md
	modified:   node_modules/npm/node_modules/request/node_modules/http-signature/node_modules/asn1/README.md
	modified:   node_modules/npm/node_modules/request/node_modules/http-signature/node_modules/assert-plus/README.md
	modified:   node_modules/npm/node_modules/request/node_modules/json-stringify-safe/README.md
	modified:   node_modules/npm/node_modules/request/node_modules/mime-types/README.md
	modified:   node_modules/npm/node_modules/request/node_modules/node-uuid/README.md
	modified:   node_modules/npm/node_modules/request/node_modules/qs/CHANGELOG.md
	modified:   node_modules/npm/node_modules/request/node_modules/qs/Readme.md
	modified:   node_modules/npm/node_modules/request/node_modules/tough-cookie/node_modules/punycode/README.md
	modified:   node_modules/npm/node_modules/retry/Readme.md
	modified:   node_modules/npm/node_modules/rimraf/README.md
	modified:   node_modules/npm/node_modules/semver/README.md
	modified:   node_modules/npm/node_modules/sha/README.md
	modified:   node_modules/npm/node_modules/sha/node_modules/readable-stream/node_modules/isarray/README.md
	modified:   node_modules/npm/node_modules/slide/README.md
	modified:   node_modules/npm/node_modules/tar/README.md
	modified:   node_modules/npm/node_modules/umask/README.md
	modified:   node_modules/npm/node_modules/wrappy/README.md
	modified:   node_modules/npmi/node_modules/semver/README.md
	modified:   node_modules/number-is-nan/readme.md
	modified:   node_modules/nunjucks/README.md
	modified:   node_modules/object-assign/readme.md
	modified:   node_modules/object.omit/README.md
	modified:   node_modules/on-finished/README.md
	modified:   node_modules/once/README.md
	modified:   node_modules/opal-npm-wrapper/README.md
	modified:   node_modules/os-homedir/readme.md
	modified:   node_modules/os-tmpdir/readme.md
	modified:   node_modules/parse-glob/README.md
	modified:   node_modules/parse-glob/node_modules/is-glob/README.md
	modified:   node_modules/parseurl/README.md
	modified:   node_modules/path-is-absolute/readme.md
	modified:   node_modules/preserve/.verb.md
	modified:   node_modules/preserve/README.md
	modified:   node_modules/psl/README.md
	modified:   node_modules/punycode/README.md
	modified:   node_modules/q/README.md
	modified:   node_modules/qs/CHANGELOG.md
	modified:   node_modules/qs/README.md
	modified:   node_modules/randomatic/README.md
	modified:   node_modules/randomatic/node_modules/is-number/README.md
	modified:   node_modules/randomatic/node_modules/kind-of/CHANGELOG.md
	modified:   node_modules/randomatic/node_modules/kind-of/README.md
	modified:   node_modules/raw-body/README.md
	modified:   node_modules/raw-body/node_modules/bytes/Readme.md
	modified:   node_modules/readdirp/README.md
	modified:   node_modules/readdirp/examples/Readme.md
	modified:   node_modules/readdirp/node_modules/graceful-fs/README.md
	modified:   node_modules/regex-cache/README.md
	modified:   node_modules/remove-trailing-separator/history.md
	modified:   node_modules/remove-trailing-separator/readme.md
	modified:   node_modules/repeat-element/README.md
	modified:   node_modules/repeat-string/README.md
	modified:   node_modules/request/CHANGELOG.md
	modified:   node_modules/request/CONTRIBUTING.md
	modified:   node_modules/request/README.md
	modified:   node_modules/request/examples/README.md
	modified:   node_modules/right-align/README.md
	modified:   node_modules/rimraf/README.md
	modified:   node_modules/safe-buffer/README.md
	modified:   node_modules/semver/README.md
	modified:   node_modules/set-blocking/README.md
	modified:   node_modules/sigmund/README.md
	modified:   node_modules/signal-exit/CHANGELOG.md
	modified:   node_modules/signal-exit/README.md
	modified:   node_modules/slick/README.md
	modified:   node_modules/source-map/CHANGELOG.md
	modified:   node_modules/source-map/README.md
	modified:   node_modules/statuses/README.md
	modified:   node_modules/string-width/readme.md
	modified:   node_modules/strip-ansi/readme.md
	modified:   node_modules/templayed/README.md
	modified:   node_modules/timers-ext/CHANGELOG.md
	modified:   node_modules/timers-ext/README.md
	modified:   node_modules/tiny-lr/node_modules/debug/Readme.md
	modified:   node_modules/tiny-lr/node_modules/ms/README.md
	modified:   node_modules/tiny-lr/node_modules/qs/CHANGELOG.md
	modified:   node_modules/tiny-lr/node_modules/qs/README.md
	modified:   node_modules/tiny-lr/readme.md
	modified:   node_modules/tmp/README.md
	modified:   node_modules/tough-cookie/README.md
	modified:   node_modules/type-is/README.md
	modified:   node_modules/type-is/node_modules/mime-db/README.md
	modified:   node_modules/type-is/node_modules/mime-types/README.md
	modified:   node_modules/type/CHANGELOG.md
	modified:   node_modules/type/README.md
	modified:   node_modules/uglify-js/README.md
	modified:   node_modules/uglify-to-browserify/README.md
	modified:   node_modules/universalify/README.md
	modified:   node_modules/unpipe/README.md
	modified:   node_modules/urijs/README.md
	modified:   node_modules/user-home/readme.md
	modified:   node_modules/util-deprecate/README.md
	modified:   node_modules/web-resource-inliner/HISTORY.md
	modified:   node_modules/web-resource-inliner/README.md
	modified:   node_modules/websocket-driver/README.md
	modified:   node_modules/websocket-extensions/README.md
	modified:   node_modules/websocket-extensions/lib/pipeline/README.md
	modified:   node_modules/window-size/README.md
	modified:   node_modules/wrappy/README.md
	modified:   node_modules/xmlhttprequest/README.md
	modified:   node_modules/xtend/README.md
	modified:   node_modules/yargs/CHANGELOG.md

Untracked files:
  (use "git add <file>..." to include in what will be committed)
	node_modules/.bin/mustache
	node_modules/cheerio-select/
	node_modules/colors/
	node_modules/debug/
	node_modules/emojify.js/
	node_modules/fresh/
	node_modules/gitbook-cli/node_modules/fs-extra/node_modules/
	node_modules/gitbook-plugin-advanced-emoji/
	node_modules/gitbook-plugin-anchor-navigation-ex-toc/
	node_modules/gitbook-plugin-copy-code-button/
	node_modules/gitbook-plugin-editlink/
	node_modules/gitbook-plugin-fontsettings/.eslintrc
	node_modules/gitbook-plugin-fontsettings/assets/fontsettings.js
	node_modules/gitbook-plugin-github-buttons/
	node_modules/gitbook-plugin-github/
	node_modules/gitbook-plugin-lightbox/
	node_modules/gitbook-plugin-search-plus/
	node_modules/gitbook-plugin-splitter/
	node_modules/gitbook-plugin-theme-comscore/
	node_modules/gitbook-plugin-toggle-chapters/
	node_modules/gitbook/node_modules/gitbook-plugin-fontsettings/
	node_modules/gitbook/node_modules/i18n/.npmignore
	node_modules/gitbook/node_modules/send/.npmignore
	node_modules/html-entities/
	node_modules/mime/
	node_modules/ms/
	node_modules/mustache/
	node_modules/parse5-htmlparser2-tree-adapter/
	node_modules/parse5/
	node_modules/range-parser/
	node_modules/sprintf/
	travis_wait_2088.log

no changes added to commit (use "git add" and/or "git commit -a")
